ATP6
0.0258 1350 0 0
ATP8
0.0078 255 0 0
CYTB
0.0518 1329 0 0
COX1
NC_034303.1 START CODON NOT DETERMINED; TAA STOP CODON IS COMPLETED BY THE ADDITION OF 3' A RESIDUES TO THE MRNA
NC_034300.1 START CODON NOT DETERMINED
0.0464 1806 2 0
COX2
NC_056622.1 TAA STOP CODON IS COMPLETED BY THE ADDITION OF 3' A RESIDUES TO THE MRNA; START CODON NOT DETERMINED
0.0357 1971 1 0
COX3
0.0515 996 0 0
FORF
0.0 309 0 0
HORF
0.1429 729 0 0
MORF
0.0 657 0 0
NAD1
0.0361 1014 0 0
NAD2
NC_034303.1 START CODON NOT DETERMINED; TAA STOP CODON IS COMPLETED BY THE ADDITION OF 3' A RESIDUES TO THE MRNA
0.0663 1170 1 0
NAD3
0.0208 435 0 0
NAD4
0.0619 1416 0 0
NAD4L
0.114 408 0 0
NAD5
0.0361 1860 0 0
NAD6
0.0258 627 0 0
