ATP6
NC_016185.1 TAA STOP CODON IS COMPLETED BY THE ADDITION OF 3' A RESIDUES TO THE MRNA
NC_012434.1 TAA STOP CODON IS COMPLETED BY THE ADDITION OF 3' A RESIDUES TO THE MRNA
NC_058597.1 TAA STOP CODON IS COMPLETED BY THE ADDITION OF 3' A RESIDUES TO THE MRNA
NC_036993.1 TAA STOP CODON IS COMPLETED BY THE ADDITION OF 3' A RESIDUES TO THE MRNA
NC_027493.1 TAA STOP CODON IS COMPLETED BY THE ADDITION OF 3' A RESIDUES TO THE MRNA
NC_041247.1 TAA STOP CODON IS COMPLETED BY THE ADDITION OF 3' A RESIDUES TO THE MRNA
NC_032036.1 TAA STOP CODON IS COMPLETED BY THE ADDITION OF 3' A RESIDUES TO THE MRNA
NC_032079.1 TAA STOP CODON IS COMPLETED BY THE ADDITION OF 3' A RESIDUES TO THE MRNA
NC_035586.1 TAA STOP CODON IS COMPLETED BY THE ADDITION OF 3' A RESIDUES TO THE MRNA
NC_033968.1 TAA STOP CODON IS COMPLETED BY THE ADDITION OF 3' A RESIDUES TO THE MRNA
NC_016193.1 TAA STOP CODON IS COMPLETED BY THE ADDITION OF 3' A RESIDUES TO THE MRNA
NC_017872.1 TAA STOP CODON IS COMPLETED BY THE ADDITION OF 3' A RESIDUES TO THE MRNA
NC_056972.1 TAA STOP CODON IS COMPLETED BY THE ADDITION OF 3' A RESIDUES TO THE MRNA
NC_028004.1 TAA STOP CODON IS COMPLETED BY THE ADDITION OF 3' A RESIDUES TO THE MRNA
NC_035733.1 TAA STOP CODON IS COMPLETED BY THE ADDITION OF 3' ARESIDUES TO THE MRNA
NC_012435.1 TAA STOP CODON IS COMPLETED BY THE ADDITION OF 3' A RESIDUES TO THE MRNA
NC_014585.1 TAA STOP CODON IS COMPLETED BY THE ADDITION OF 3' A RESIDUES TO THE MRNA
NC_044784.1 TAA STOP CODON IS COMPLETED BY THE ADDITION OF 3' A RESIDUES TO THE MRNA
NC_016168.1 TAA STOP CODON IS COMPLETED BY THE ADDITION OF 3' A RESIDUES TO THE MRNA
NC_042905.1 TAA STOP CODON IS COMPLETED BY THE ADDITION OF 3' A RESIDUES TO THE MRNA
NC_054237.1 TAA STOP CODON IS COMPLETED BY THE ADDITION OF 3' A RESIDUES TO THE MRNA
NC_034292.1 TAA STOP CODON IS COMPLETED BY THE ADDITION OF 3' A RESIDUES TO THE MRNA
NC_036959.1 TAA STOP CODON IS COMPLETED BY THE ADDITION OF 3' A RESIDUES TO THE MRNA
NC_001761.1 TAA STOP CODON IS COMPLETED BY THE ADDITION OF 3' A RESIDUES TO THE MRNA
NC_005439.1 TAA STOP CODON IS COMPLETED BY THE ADDITION OF 3' A RESIDUES TO THE MRNA
NC_014583.1 TAA STOP CODON IS COMPLETED BY THE ADDITION OF 3' A RESIDUES TO THE MRNA
0.1057 852 26 0
ATP8
NC_016168.1 TAA STOP CODON IS COMPLETED BY THE ADDITION OF 3' A RESIDUES TO THE MRNA
NC_033968.1 TAA STOP CODON IS COMPLETED BY THE ADDITION OF 3' A RESIDUES TO THE MRNA
NC_048494.1 TAA STOP CODON IS COMPLETED BY THE ADDITION OF 3' A RESIDUES TO THE MRNA
NC_012435.1 TAA STOP CODON IS COMPLETED BY THE ADDITION OF 3' A RESIDUES TO THE MRNA
NC_042905.1 TAA STOP CODON IS COMPLETED BY THE ADDITION OF 3' A RESIDUES TO THE MRNA
NC_032079.1 TAA STOP CODON IS COMPLETED BY THE ADDITION OF 3' A RESIDUES TO THE MRNA
NC_012383.1 TAA STOP CODON IS COMPLETED BY THE ADDITION OF 3' A RESIDUES TO THE MRNA
NC_005439.1 TAA STOP CODON IS COMPLETED BY THE ADDITION OF 3' A RESIDUES TO THE MRNA
NC_016185.1 TAA STOP CODON IS COMPLETED BY THE ADDITION OF 3' A RESIDUES TO THE MRNA
NC_012434.1 TAA STOP CODON IS COMPLETED BY THE ADDITION OF 3' A RESIDUES TO THE MRNA
NC_032036.1 TAA STOP CODON IS COMPLETED BY THE ADDITION OF 3' A RESIDUES TO THE MRNA
0.0447 411 11 0
CYTB
NC_041247.1 TAA STOP CODON IS COMPLETED BY THE ADDITION OF 3' A RESIDUES TO THE MRNA
NC_012435.1 TAA STOP CODON IS COMPLETED BY THE ADDITION OF 3' A RESIDUES TO THE MRNA
NC_010567.1 TAA STOP CODON IS COMPLETED BY THE ADDITION OF 3' A RESIDUES TO THE MRNA
NC_041196.1 TAA STOP CODON IS COMPLETED BY THE ADDITION OF 3' A RESIDUES TO THE MRNA
NC_030774.1 TAA STOP CODON IS COMPLETED BY THE ADDITION OF 3' A RESIDUES TO THE MRNA
NC_034292.1 TAA STOP CODON IS COMPLETED BY THE ADDITION OF 3' A RESIDUES TO THE MRNA
NC_016185.1 TAA STOP CODON IS COMPLETED BY THE ADDITION OF 3' A RESIDUES TO THE MRNA
NC_048494.1 TAA STOP CODON IS COMPLETED BY THE ADDITION OF 3' A RESIDUES TO THE MRNA
NC_052698.1 TAA STOP CODON IS COMPLETED BY THE ADDITION OF 3' A RESIDUES TO THE MRNA
NC_017872.1 TAA STOP CODON IS COMPLETED BY THE ADDITION OF 3' A RESIDUES TO THE MRNA
NC_035489.1 TAA STOP CODON IS COMPLETED BY THE ADDITION OF 3' A RESIDUES TO THE MRNA
NC_035490.1 TAA STOP CODON IS COMPLETED BY THE ADDITION OF 3' A RESIDUES TO THE MRNA
NC_036425.1 TAA STOP CODON IS COMPLETED BY THE ADDITION OF 3' A RESIDUES TO THE MRNA
NC_002176.1 TAA STOP CODON IS COMPLETED BY THE ADDITION OF 3' A RESIDUES TO THE MRNA
NC_016179.1 TAA STOP CODON IS COMPLETED BY THE ADDITION OF 3' A RESIDUES TO THE MRNA
NC_001761.1 TAA STOP CODON IS COMPLETED BY THE ADDITION OF 3' A RESIDUES TO THE MRNA
NC_033968.1 TAA STOP CODON IS COMPLETED BY THE ADDITION OF 3' A RESIDUES TO THE MRNA
NC_015088.1 TAA STOP CODON IS COMPLETED BY THE ADDITION OF 3' A RESIDUES TO THE MRNA
NC_036959.1 TAA STOP CODON IS COMPLETED BY THE ADDITION OF 3' A RESIDUES TO THE MRNA
NC_054237.1 TAA STOP CODON IS COMPLETED BY THE ADDITION OF 3' A RESIDUES TO THE MRNA
NC_035495.1 TAA STOP CODON IS COMPLETED BY THE ADDITION OF 3' A RESIDUES TO THE MRNA
NC_016181.1 TAA STOP CODON IS COMPLETED BY THE ADDITION OF 3' A RESIDUES TO THE MRNA
NC_015111.1 TAA STOP CODON IS COMPLETED BY THE ADDITION OF 3' A RESIDUES TO THE MRNA
NC_024260.1 TAA STOP CODON IS COMPLETED BY THE ADDITION OF 3' A RESIDUES TO THE MRNA
NC_016168.1 TAA STOP CODON IS COMPLETED BY THE ADDITION OF 3' A RESIDUES TO THE MRNA
NC_013934.1 TAA STOP CODON IS COMPLETED BY THE ADDITION OF 3' A RESIDUES TO THE MRNA
NC_034006.1 TAA STOP CODON IS COMPLETED BY THE ADDITION OF 3' A RESIDUES TO THE MRNA
NC_015096.1 TAA STOP CODON IS COMPLETED BY THE ADDITION OF 3' A RESIDUES TO THE MRNA
NC_044784.1 TAA STOP CODON IS COMPLETED BY THE ADDITION OF 3' A RESIDUES TO THE MRNA
NC_036426.1 TAA STOP CODON IS COMPLETED BY THE ADDITION OF 3' A RESIDUES TO THE MRNA
NC_057611.1 TAA STOP CODON IS COMPLETED BY THE ADDITION OF 3' A RESIDUES TO THE MRNA
NC_048495.1 TAA STOP CODON IS COMPLETED BY THE ADDITION OF 3' A RESIDUES TO THE MRNA
0.1301 1197 32 0
COX1
NC_029419.1 TAA STOP CODON IS COMPLETED BY THE ADDITION OF 3' A RESIDUES TO THE MRNA
NC_024260.1 TAA STOP CODON IS COMPLETED BY THE ADDITION OF 3' A RESIDUES TO THE MRNA
NC_024935.1 TAA STOP CODON IS COMPLETED BY THE ADDITION OF 3' A RESIDUES TO THE MRNA
NC_014585.1 TAA STOP CODON IS COMPLETED BY THE ADDITION OF 3' A RESIDUES TO THE MRNA
NC_014588.1 TAA STOP CODON IS COMPLETED BY THE ADDITION OF 3' A RESIDUES TO THE MRNA
NC_012435.1 TAA STOP CODON IS COMPLETED BY THE ADDITION OF 3' A RESIDUES TO THE MRNA
NC_013241.1 TAA STOP CODON IS COMPLETED BY THE ADDITION OF 3' A RESIDUES TO THE MRNA
NC_027584.1 TAA STOP CODON IS COMPLETED BY THE ADDITION OF 3' A RESIDUES TO THE MRNA
NC_027493.1 TAA STOP CODON IS COMPLETED BY THE ADDITION OF 3' A RESIDUES TO THE MRNA
NC_016181.1 TAA STOP CODON IS COMPLETED BY THE ADDITION OF 3' A RESIDUES TO THE MRNA
NC_032079.1 TAA STOP CODON IS COMPLETED BY THE ADDITION OF 3' A RESIDUES TO THE MRNA
NC_056972.1 TAA STOP CODON IS COMPLETED BY THE ADDITION OF 3' A RESIDUES TO THE MRNA
NC_001761.1 TAA STOP CODON IS COMPLETED BY THE ADDITION OF 3' A RESIDUES TO THE MRNA
NC_036959.1 TAA STOP CODON IS COMPLETED BY THE ADDITION OF 3' A RESIDUES TO THE MRNA
NC_012383.1 TAA STOP CODON IS COMPLETED BY THE ADDITION OF 3' A RESIDUES TO THE MRNA
NC_032036.1 TAA STOP CODON IS COMPLETED BY THE ADDITION OF 3' A RESIDUES TO THE MRNA
NC_035495.1 TAA STOP CODON IS COMPLETED BY THE ADDITION OF 3' A RESIDUES TO THE MRNA
0.0691 1605 17 0
COX2
NC_015106.1 TAA STOP CODON IS COMPLETED BY THE ADDITION OF 3' A RESIDUES TO THE MRNA
NC_029419.1 TAA STOP CODON IS COMPLETED BY THE ADDITION OF 3' A RESIDUES TO THE MRNA
NC_033968.1 TAA STOP CODON IS COMPLETED BY THE ADDITION OF 3' A RESIDUES TO THE MRNA
NC_026043.1 TAA STOP CODON IS COMPLETED BY THE ADDITION OF 3' A RESIDUES TO THE MRNA
NC_053882.1 TAA STOP CODON IS COMPLETED BY THE ADDITION OF 3' A RESIDUES TO THE MRNA
NC_027584.1 TAA STOP CODON IS COMPLETED BY THE ADDITION OF 3' A RESIDUES TO THE MRNA
NC_014585.1 TAA STOP CODON IS COMPLETED BY THE ADDITION OF 3' A RESIDUES TO THE MRNA
NC_036993.1 TAA STOP CODON IS COMPLETED BY THE ADDITION OF 3' A RESIDUES TO THE MRNA
NC_012435.1 TAA STOP CODON IS COMPLETED BY THE ADDITION OF 3' A RESIDUES TO THE MRNA
NC_053883.1 TAA STOP CODON IS COMPLETED BY THE ADDITION OF 3' A RESIDUES TO THE MRNA
NC_039922.1 TAA STOP CODON IS COMPLETED BY THE ADDITION OF 3' A RESIDUES TO THE MRNA
NC_037221.1 TAA STOP CODON IS COMPLETED BY THE ADDITION OF 3' A RESIDUES TO THE MRNA
NC_016185.1 TAA STOP CODON IS COMPLETED BY THE ADDITION OF 3' A RESIDUES TO THE MRNA
NC_012383.1 TAA STOP CODON IS COMPLETED BY THE ADDITION OF 3' A RESIDUES TO THE MRNA
NC_048494.1 TAA STOP CODON IS COMPLETED BY THE ADDITION OF 3' A RESIDUES TO THE MRNA
NC_042169.1 TAA STOP CODON IS COMPLETED BY THE ADDITION OF 3' A RESIDUES TO THE MRNA
NC_035495.1 TAA STOP CODON IS COMPLETED BY THE ADDITION OF 3' A RESIDUES TO THE MRNA
NC_026045.1 TAA STOP CODON IS COMPLETED BY THE ADDITION OF 3' A RESIDUES TO THE MRNA
NC_016190.1 TAA STOP CODON IS COMPLETED BY THE ADDITION OF 3' A RESIDUES TO THE MRNA
NC_054237.1 TAA STOP CODON IS COMPLETED BY THE ADDITION OF 3' A RESIDUES TO THE MRNA
NC_041247.1 TAA STOP CODON IS COMPLETED BY THE ADDITION OF 3' A RESIDUES TO THE MRNA
NC_046526.1 TAA STOP CODON IS COMPLETED BY THE ADDITION OF 3' A RESIDUES TO THE MRNA
NC_042905.1 TAA STOP CODON IS COMPLETED BY THE ADDITION OF 3' A RESIDUES TO THE MRNA
NC_028183.1 TAA STOP CODON IS COMPLETED BY THE ADDITION OF 3' A RESIDUES TO THE MRNA
NC_031405.1 TAA STOP CODON IS COMPLETED BY THE ADDITION OF 3' A RESIDUES TO THE MRNA
NC_038182.1 TAA STOP CODON IS COMPLETED BY THE ADDITION OF 3' A RESIDUES TO THE MRNA
0.1057 753 26 0
COX3
NC_030774.1 TAA STOP CODON IS COMPLETED BY THE ADDITION OF 3' A RESIDUES TO THE MRNA
NC_012428.1 TAA STOP CODON IS COMPLETED BY THE ADDITION OF 3' A RESIDUES TO THE MRNA
NC_033968.1 TAA STOP CODON IS COMPLETED BY THE ADDITION OF 3' A RESIDUES TO THE MRNA
NC_048494.1 TAA STOP CODON IS COMPLETED BY THE ADDITION OF 3' A RESIDUES TO THE MRNA
NC_052698.1 TAA STOP CODON IS COMPLETED BY THE ADDITION OF 3' A RESIDUES TO THE MRNA
NC_036993.1 TAA STOP CODON IS COMPLETED BY THE ADDITION OF 3' A RESIDUES TO THE MRNA
NC_005439.1 TAA STOP CODON IS COMPLETED BY THE ADDITION OF 3' A RESIDUES TO THE MRNA
NC_056972.1 TAA STOP CODON IS COMPLETED BY THE ADDITION OF 3' A RESIDUES TO THE MRNA
NC_034226.1 TAA STOP CODON IS COMPLETED BY THE ADDITION OF 3' A RESIDUES TO THE MRNA
NC_016175.1 TAA STOP CODON IS COMPLETED BY THE ADDITION OF 3' A RESIDUES TO THE MRNA
NC_036426.1 TAA STOP CODON IS COMPLETED BY THE ADDITION OF 3' A RESIDUES TO THE MRNA
NC_032079.1 TAA STOP CODON IS COMPLETED BY THE ADDITION OF 3' A RESIDUES TO THE MRNA
NC_034920.1 TAA STOP CODON IS COMPLETED BY THE ADDITION OF 3' A RESIDUES TO THE MRNA
NC_014588.1 TAA STOP CODON IS COMPLETED BY THE ADDITION OF 3' A RESIDUES TO THE MRNA
NC_035495.1 TAA STOP CODON IS COMPLETED BY THE ADDITION OF 3' A RESIDUES TO THE MRNA
NC_057611.1 TAA STOP CODON IS COMPLETED BY THE ADDITION OF 3' A RESIDUES TO THE MRNA
NC_036959.1 TAA STOP CODON IS COMPLETED BY THE ADDITION OF 3' A RESIDUES TO THE MRNA
NC_002176.1 TAA STOP CODON IS COMPLETED BY THE ADDITION OF 3' A RESIDUES TO THE MRNA
NC_024935.1 TAA STOP CODON IS COMPLETED BY THE ADDITION OF 3' A RESIDUES TO THE MRNA
NC_048495.1 TAA STOP CODON IS COMPLETED BY THE ADDITION OF 3' A RESIDUES TO THE MRNA
NC_015096.1 TAA STOP CODON IS COMPLETED BY THE ADDITION OF 3' A RESIDUES TO THE MRNA
NC_016168.1 TAA STOP CODON IS COMPLETED BY THE ADDITION OF 3' A RESIDUES TO THE MRNA
NC_035489.1 TAA STOP CODON IS COMPLETED BY THE ADDITION OF 3' A RESIDUES TO THE MRNA
NC_027493.1 TAA STOP CODON IS COMPLETED BY THE ADDITION OF 3' A RESIDUES TO THE MRNA
NC_030537.1 TAA STOP CODON IS COMPLETED BY THE ADDITION OF 3' A RESIDUES TO THE MRNA
NC_015088.1 TAA STOP CODON IS COMPLETED BY THE ADDITION OF 3' A RESIDUES TO THE MRNA
NC_012434.1 TAA STOP CODON IS COMPLETED BY THE ADDITION OF 3' A RESIDUES TO THE MRNA
NC_016185.1 TAA STOP CODON IS COMPLETED BY THE ADDITION OF 3' A RESIDUES TO THE MRNA
NC_043790.1 TAA STOP CODON IS COMPLETED BY THE ADDITION OF 3' A RESIDUES TO THE MRNA
NC_036425.1 TAA STOP CODON IS COMPLETED BY THE ADDITION OF 3' A RESIDUES TO THE MRNA
NC_032036.1 TAA STOP CODON IS COMPLETED BY THE ADDITION OF 3' A RESIDUES TO THE MRNA
NC_025511.1 TAA STOP CODON IS COMPLETED BY THE ADDITION OF 3' A RESIDUES TO THE MRNA
NC_034292.1 TAA STOP CODON IS COMPLETED BY THE ADDITION OF 3' A RESIDUES TO THE MRNA
NC_056185.1 TAA STOP CODON IS COMPLETED BY THE ADDITION OF 3' A RESIDUES TO THE MRNA
NC_012383.1 TAA STOP CODON IS COMPLETED BY THE ADDITION OF 3' A RESIDUES TO THE MRNA
NC_042169.1 TAA STOP CODON IS COMPLETED BY THE ADDITION OF 3' A RESIDUES TO THE MRNA
NC_016181.1 TAA STOP CODON IS COMPLETED BY THE ADDITION OF 3' A RESIDUES TO THE MRNA
NC_026043.1 TAA STOP CODON IS COMPLETED BY THE ADDITION OF 3' A RESIDUES TO THE MRNA
NC_027584.1 TAA STOP CODON IS COMPLETED BY THE ADDITION OF 3' A RESIDUES TO THE MRNA
NC_016193.1 TAA STOP CODON IS COMPLETED BY THE ADDITION OF 3' A RESIDUES TO THE MRNA
NC_053882.1 TAA STOP CODON IS COMPLETED BY THE ADDITION OF 3' A RESIDUES TO THE MRNA
NC_024260.1 TAA STOP CODON IS COMPLETED BY THE ADDITION OF 3' A RESIDUES TO THE MRNA
NC_005827.1 TAA STOP CODON IS COMPLETED BY THE ADDITION OF 3' A RESIDUES TO THE MRNA
NC_026045.1 TAA STOP CODON IS COMPLETED BY THE ADDITION OF 3' A RESIDUES TO THE MRNA
NC_041196.1 TAA STOP CODON IS COMPLETED BY THE ADDITION OF 3' A RESIDUES TO THE MRNA
NC_036381.1 TAA STOP CODON IS COMPLETED BY THE ADDITION OF 3' A RESIDUES TO THE MRNA
NC_046044.1 TAA STOP CODON IS COMPLETED BY THE ADDITION OF 3' A RESIDUES TO THE MRNA
NC_044784.1 TAA STOP CODON IS COMPLETED BY THE ADDITION OF 3' A RESIDUES TO THE MRNA
NC_012376.1 TAA STOP CODON IS COMPLETED BY THE ADDITION OF 3' A RESIDUES TO THE MRNA
NC_035490.1 TAA STOP CODON IS COMPLETED BY THE ADDITION OF 3' A RESIDUES TO THE MRNA
NC_053883.1 TAA STOP CODON IS COMPLETED BY THE ADDITION OF 3' A RESIDUES TO THE MRNA
NC_015111.1 TAA STOP CODON IS COMPLETED BY THE ADDITION OF 3' A RESIDUES TO THE MRNA
NC_026988.1 TAA STOP CODON IS COMPLETED BY THE ADDITION OF 3' A RESIDUES TO THE MRNA
NC_014580.1 TAA STOP CODON IS COMPLETED BY THE ADDITION OF 3' A RESIDUES TO THE MRNA
NC_024601.1 TAA STOP CODON IS COMPLETED BY THE ADDITION OF 3' A RESIDUES TO THE MRNA
NC_026987.1 TAA STOP CODON IS COMPLETED BY THE ADDITION OF 3' A RESIDUES TO THE MRNA
NC_010220.1 TAA STOP CODON IS COMPLETED BY THE ADDITION OF 3' A RESIDUES TO THE MRNA
NC_004321.1 TAA STOP CODON IS COMPLETED BY THE ADDITION OF 3' A RESIDUES TO THE MRNA
NC_012435.1 TAA STOP CODON IS COMPLETED BY THE ADDITION OF 3' A RESIDUES TO THE MRNA
NC_025645.1 TAA STOP CODON IS COMPLETED BY THE ADDITION OF 3' A RESIDUES TO THE MRNA
0.2439 882 60 0
FORF
HORF
MORF
NAD1
NC_016185.1 TAA STOP CODON IS COMPLETED BY THE ADDITION OF 3' A RESIDUES TO THE MRNA
NC_035871.1 TAA STOP CODON IS COMPLETED BY THE ADDITION OF 3' A RESIDUES TO THE MRNA
NC_035869.1 TAA STOP CODON IS COMPLETED BY THE ADDITION OF 3' A RESIDUES TO THE MRNA
NC_035490.1 TAA STOP CODON IS COMPLETED BY THE ADDITION OF 3' A RESIDUES TO THE MRNA
NC_012899.1 TAA STOP CODON IS COMPLETED BY THE ADDITION OF 3' A RESIDUES TO THE MRNA
NC_004321.1 TAA STOP CODON IS COMPLETED BY THE ADDITION OF 3' A RESIDUES TO THE MRNA
NC_035870.1 TAA STOP CODON IS COMPLETED BY THE ADDITION OF 3' A RESIDUES TO THE MRNA
NC_016190.1 TAA STOP CODON IS COMPLETED BY THE ADDITION OF 3' A RESIDUES TO THE MRNA
NC_013187.1 TAA STOP CODON IS COMPLETED BY THE ADDITION OF 3' A RESIDUES TO THE MRNA
NC_010567.1 TAA STOP CODON IS COMPLETED BY THE ADDITION OF 3' A RESIDUES TO THE MRNA
NC_049893.1 TAA STOP CODON IS COMPLETED BY THE ADDITION OF 3' A RESIDUES TO THE MRNA
NC_028183.1 TAA STOP CODON IS COMPLETED BY THE ADDITION OF 3' A RESIDUES TO THE MRNA
NC_013073.1 TAA STOP CODON IS COMPLETED BY THE ADDITION OF 3' A RESIDUES TO THE MRNA
NC_012383.1 TAA STOP CODON IS COMPLETED BY THE ADDITION OF 3' A RESIDUES TO THE MRNA
NC_013247.1 TAA STOP CODON IS COMPLETED BY THE ADDITION OF 3' A RESIDUES TO THE MRNA
NC_039165.1 TAA STOP CODON IS COMPLETED BY THE ADDITION OF 3' A RESIDUES TO THE MRNA
NC_002176.1 TAA STOP CODON IS COMPLETED BY THE ADDITION OF 3' A RESIDUES TO THE MRNA
NC_048494.1 TAA STOP CODON IS COMPLETED BY THE ADDITION OF 3' A RESIDUES TO THE MRNA
NC_013833.1 TAA STOP CODON IS COMPLETED BY THE ADDITION OF 3' A RESIDUES TO THE MRNA
NC_035489.1 TAA STOP CODON IS COMPLETED BY THE ADDITION OF 3' A RESIDUES TO THE MRNA
NC_014580.1 TAA STOP CODON IS COMPLETED BY THE ADDITION OF 3' A RESIDUES TO THE MRNA
0.0854 1122 21 0
NAD2
NC_005439.1 TAA STOP CODON IS COMPLETED BY THE ADDITION OF 3' A RESIDUES TO THE MRNA
NC_013239.1 TAA STOP CODON IS COMPLETED BY THE ADDITION OF 3' A RESIDUES TO THE MRNA
NC_010220.1 TAA STOP CODON IS COMPLETED BY THE ADDITION OF 3' A RESIDUES TO THE MRNA
NC_053883.1 TAA STOP CODON IS COMPLETED BY THE ADDITION OF 3' A RESIDUES TO THE MRNA
NC_027493.1 TAA STOP CODON IS COMPLETED BY THE ADDITION OF 3' A RESIDUES TO THE MRNA
NC_032036.1 TAA STOP CODON IS COMPLETED BY THE ADDITION OF 3' A RESIDUES TO THE MRNA
NC_042169.1 TAA STOP CODON IS COMPLETED BY THE ADDITION OF 3' A RESIDUES TO THE MRNA
NC_013934.1 TAA STOP CODON IS COMPLETED BY THE ADDITION OF 3' A RESIDUES TO THE MRNA
NC_017872.1 TAA STOP CODON IS COMPLETED BY THE ADDITION OF 3' A RESIDUES TO THE MRNA
NC_024601.1 TAA STOP CODON IS COMPLETED BY THE ADDITION OF 3' A RESIDUES TO THE MRNA
NC_031893.1 TAA STOP CODON IS COMPLETED BY THE ADDITION OF 3' A RESIDUES TO THE MRNA
NC_012435.1 TAA STOP CODON IS COMPLETED BY THE ADDITION OF 3' A RESIDUES TO THE MRNA
NC_048495.1 TAA STOP CODON IS COMPLETED BY THE ADDITION OF 3' A RESIDUES TO THE MRNA
NC_013245.1 TAA STOP CODON IS COMPLETED BY THE ADDITION OF 3' A RESIDUES TO THE MRNA
NC_025511.1 TAA STOP CODON IS COMPLETED BY THE ADDITION OF 3' A RESIDUES TO THE MRNA
NC_042905.1 TAA STOP CODON IS COMPLETED BY THE ADDITION OF 3' A RESIDUES TO THE MRNA
NC_030039.1 TAA STOP CODON IS COMPLETED BY THE ADDITION OF 3' A RESIDUES TO THE MRNA
NC_014580.1 TAA STOP CODON IS COMPLETED BY THE ADDITION OF 3' A RESIDUES TO THE MRNA
NC_016185.1 TAA STOP CODON IS COMPLETED BY THE ADDITION OF 3' A RESIDUES TO THE MRNA
no notes about it
NC_023364.1 TAA STOP CODON IS COMPLETED BY THE ADDITION OF 3' A RESIDUES TO THE MRNA
NC_034006.1 TAA STOP CODON IS COMPLETED BY THE ADDITION OF 3' A RESIDUES TO THE MRNA
NC_059028.1 TAA STOP CODON IS COMPLETED BY THE ADDITION OF 3' A RESIDUES TO THE MRNA
NC_054237.1 TAA STOP CODON IS COMPLETED BY THE ADDITION OF 3' A RESIDUES TO THE MRNA
NC_028553.1 TAA STOP CODON IS COMPLETED BY THE ADDITION OF 3' A RESIDUES TO THE MRNA
no notes about it
NC_032079.1 TAA STOP CODON IS COMPLETED BY THE ADDITION OF 3' A RESIDUES TO THE MRNA
NC_038185.1 TAA STOP CODON IS COMPLETED BY THE ADDITION OF 3' A RESIDUES TO THE MRNA
NC_016193.1 TAA STOP CODON IS COMPLETED BY THE ADDITION OF 3' A RESIDUES TO THE MRNA
NC_039922.1 TAA STOP CODON IS COMPLETED BY THE ADDITION OF 3' A RESIDUES TO THE MRNA
NC_012376.1 TAA STOP CODON IS COMPLETED BY THE ADDITION OF 3' A RESIDUES TO THE MRNA
NC_015106.1 TAA STOP CODON IS COMPLETED BY THE ADDITION OF 3' A RESIDUES TO THE MRNA
NC_012383.1 TAA STOP CODON IS COMPLETED BY THE ADDITION OF 3' A RESIDUES TO THE MRNA
NC_043790.1 TAA STOP CODON IS COMPLETED BY THE ADDITION OF 3' A RESIDUES TO THE MRNA
NC_044784.1 TAA STOP CODON IS COMPLETED BY THE ADDITION OF 3' A RESIDUES TO THE MRNA
NC_015091.1 TAA STOP CODON IS COMPLETED BY THE ADDITION OF 3' A RESIDUES TO THE MRNA
NC_048494.1 TAA STOP CODON IS COMPLETED BY THE ADDITION OF 3' A RESIDUES TO THE MRNA
NC_041247.1 TAA STOP CODON IS COMPLETED BY THE ADDITION OF 3' A RESIDUES TO THE MRNA
NC_052698.1 TAA STOP CODON IS COMPLETED BY THE ADDITION OF 3' A RESIDUES TO THE MRNA
NC_058597.1 TAA STOP CODON IS COMPLETED BY THE ADDITION OF 3' A RESIDUES TO THE MRNA
NC_014588.1 TAA STOP CODON IS COMPLETED BY THE ADDITION OF 3' A RESIDUES TO THE MRNA
NC_033968.1 TAA STOP CODON IS COMPLETED BY THE ADDITION OF 3' A RESIDUES TO THE MRNA
NC_036993.1 TAA STOP CODON IS COMPLETED BY THE ADDITION OF 3' A RESIDUES TO THE MRNA
0.1748 1176 41 2
NAD3
NC_012434.1 TAA STOP CODON IS COMPLETED BY THE ADDITION OF 3' A RESIDUES TO THE MRNA
NC_058597.1 TAA STOP CODON IS COMPLETED BY THE ADDITION OF 3' A RESIDUES TO THE MRNA
NC_030774.1 TAA STOP CODON IS COMPLETED BY THE ADDITION OF 3' A RESIDUES TO THE MRNA
NC_028553.1 TAA STOP CODON IS COMPLETED BY THE ADDITION OF 3' A RESIDUES TO THE MRNA
NC_057611.1 TAA STOP CODON IS COMPLETED BY THE ADDITION OF 3' A RESIDUES TO THE MRNA
NC_042169.1 TAA STOP CODON IS COMPLETED BY THE ADDITION OF 3' A RESIDUES TO THE MRNA
NC_053883.1 TAA STOP CODON IS COMPLETED BY THE ADDITION OF 3' A RESIDUES TO THE MRNA
NC_033968.1 TAA STOP CODON IS COMPLETED BY THE ADDITION OF 3' A RESIDUES TO THE MRNA
NC_015088.1 TAA STOP CODON IS COMPLETED BY THE ADDITION OF 3' A RESIDUES TO THE MRNA
NC_005827.1 TAA STOP CODON IS COMPLETED BY THE ADDITION OF 3' A RESIDUES TO THE MRNA
NC_025577.1 TAA STOP CODON IS COMPLETED BY THE ADDITION OF 3' A RESIDUES TO THE MRNA
NC_016185.1 TAA STOP CODON IS COMPLETED BY THE ADDITION OF 3' A RESIDUES TO THE MRNA
NC_034292.1 TAA STOP CODON IS COMPLETED BY THE ADDITION OF 3' A RESIDUES TO THE MRNA
NC_025511.1 TAA STOP CODON IS COMPLETED BY THE ADDITION OF 3' A RESIDUES TO THE MRNA
NC_015111.1 TAA STOP CODON IS COMPLETED BY THE ADDITION OF 3' A RESIDUES TO THE MRNA
NC_015091.1 TAA STOP CODON IS COMPLETED BY THE ADDITION OF 3' A RESIDUES TO THE MRNA
NC_050987.1 TAA STOP CODON IS COMPLETED BY THE ADDITION OF 3' A RESIDUES TO THE MRNA
NC_056972.1 TAA STOP CODON IS COMPLETED BY THE ADDITION OF 3' A RESIDUES TO THE MRNA
NC_016190.1 TAA STOP CODON IS COMPLETED BY THE ADDITION OF 3' A RESIDUES TO THE MRNA
NC_002176.1 TAA STOP CODON IS COMPLETED BY THE ADDITION OF 3' A RESIDUES TO THE MRNA
NC_042905.1 TAA STOP CODON IS COMPLETED BY THE ADDITION OF 3' A RESIDUES TO THE MRNA
NC_001761.1 TAA STOP CODON IS COMPLETED BY THE ADDITION OF 3' A RESIDUES TO THE MRNA
NC_016188.1 TAA STOP CODON IS COMPLETED BY THE ADDITION OF 3' A RESIDUES TO THE MRNA
NC_036993.1 TAA STOP CODON IS COMPLETED BY THE ADDITION OF 3' A RESIDUES TO THE MRNA
NC_052698.1 TAA STOP CODON IS COMPLETED BY THE ADDITION OF 3' A RESIDUES TO THE MRNA
NC_004321.1 TAA STOP CODON IS COMPLETED BY THE ADDITION OF 3' A RESIDUES TO THE MRNA
NC_026988.1 TAA STOP CODON IS COMPLETED BY THE ADDITION OF 3' A RESIDUES TO THE MRNA
NC_041247.1 TAA STOP CODON IS COMPLETED BY THE ADDITION OF 3' A RESIDUES TO THE MRNA
NC_053882.1 TAA STOP CODON IS COMPLETED BY THE ADDITION OF 3' A RESIDUES TO THE MRNA
NC_012376.1 TAA STOP CODON IS COMPLETED BY THE ADDITION OF 3' A RESIDUES TO THE MRNA
NC_035495.1 TAA STOP CODON IS COMPLETED BY THE ADDITION OF 3' A RESIDUES TO THE MRNA
NC_036959.1 TAA STOP CODON IS COMPLETED BY THE ADDITION OF 3' A RESIDUES TO THE MRNA
NC_030595.1 TAA STOP CODON IS COMPLETED BY THE ADDITION OF 3' A RESIDUES TO THE MRNA
NC_010220.1 TAA STOP CODON IS COMPLETED BY THE ADDITION OF 3' A RESIDUES TO THE MRNA
NC_012383.1 TAA STOP CODON IS COMPLETED BY THE ADDITION OF 3' A RESIDUES TO THE MRNA
NC_044784.1 TAA STOP CODON IS COMPLETED BY THE ADDITION OF 3' A RESIDUES TO THE MRNA
0.1463 429 36 0
NAD4
NC_038184.1 TAA STOP CODON IS COMPLETED BY THE ADDITION OF 3' A RESIDUES TO THE MRNA
NC_046577.1 TAA STOP CODON IS COMPLETED BY THE ADDITION OF 3' A RESIDUES TO THE MRNA
NC_038186.1 TAA STOP CODON IS COMPLETED BY THE ADDITION OF 3' A RESIDUES TO THE MRNA
NC_014583.1 TAA STOP CODON IS COMPLETED BY THE ADDITION OF 3' A RESIDUES TO THE MRNA
NC_039125.1 TAA STOP CODON IS COMPLETED BY THE ADDITION OF 3' A RESIDUES TO THE MRNA
NC_013242.1 TAA STOP CODON IS COMPLETED BY THE ADDITION OF 3' A RESIDUES TO THE MRNA
NC_038182.1 TAA STOP CODON IS COMPLETED BY THE ADDITION OF 3' A RESIDUES TO THE MRNA
NC_038183.1 TAA STOP CODON IS COMPLETED BY THE ADDITION OF 3' A RESIDUES TO THE MRNA
NC_036959.1 TAA STOP CODON IS COMPLETED BY THE ADDITION OF 3' A RESIDUES TO THE MRNA
NC_046526.1 TAA STOP CODON IS COMPLETED BY THE ADDITION OF 3' A RESIDUES TO THE MRNA
NC_015096.1 TAA STOP CODON IS COMPLETED BY THE ADDITION OF 3' A RESIDUES TO THE MRNA
NC_013239.1 TAA STOP CODON IS COMPLETED BY THE ADDITION OF 3' A RESIDUES TO THE MRNA
NC_053883.1 TAA STOP CODON IS COMPLETED BY THE ADDITION OF 3' A RESIDUES TO THE MRNA
NC_039922.1 TAA STOP CODON IS COMPLETED BY THE ADDITION OF 3' A RESIDUES TO THE MRNA
NC_046569.1 TAA STOP CODON IS COMPLETED BY THE ADDITION OF 3' A RESIDUES TO THE MRNA
NC_046052.1 TAA STOP CODON IS COMPLETED BY THE ADDITION OF 3' A RESIDUES TO THE MRNA
NC_056185.1 TAA STOP CODON IS COMPLETED BY THE ADDITION OF 3' A RESIDUES TO THE MRNA
NC_014585.1 TAA STOP CODON IS COMPLETED BY THE ADDITION OF 3' A RESIDUES TO THE MRNA
NC_044784.1 TAA STOP CODON IS COMPLETED BY THE ADDITION OF 3' A RESIDUES TO THE MRNA
NC_016193.1 TAA STOP CODON IS COMPLETED BY THE ADDITION OF 3' A RESIDUES TO THE MRNA
NC_038185.1 TAA STOP CODON IS COMPLETED BY THE ADDITION OF 3' A RESIDUES TO THE MRNA
NC_030537.1 TAA STOP CODON IS COMPLETED BY THE ADDITION OF 3' A RESIDUES TO THE MRNA
NC_010220.1 TAA STOP CODON IS COMPLETED BY THE ADDITION OF 3' A RESIDUES TO THE MRNA
NC_004321.1 TAA STOP CODON IS COMPLETED BY THE ADDITION OF 3' A RESIDUES TO THE MRNA
NC_015111.1 TAA STOP CODON IS COMPLETED BY THE ADDITION OF 3' A RESIDUES TO THE MRNA
NC_012435.1 TAA STOP CODON IS COMPLETED BY THE ADDITION OF 3' A RESIDUES TO THE MRNA
NC_005439.1 TAA STOP CODON IS COMPLETED BY THE ADDITION OF 3' A RESIDUES TO THE MRNA
NC_031893.1 TAA STOP CODON IS COMPLETED BY THE ADDITION OF 3' A RESIDUES TO THE MRNA
NC_023253.1 TAA STOP CODON IS COMPLETED BY THE ADDITION OF 3' A RESIDUES TO THE MRNA
NC_016181.1 TAA STOP CODON IS COMPLETED BY THE ADDITION OF 3' A RESIDUES TO THE MRNA
NC_012428.1 TAA STOP CODON IS COMPLETED BY THE ADDITION OF 3' A RESIDUES TO THE MRNA
NC_013248.1 TAA STOP CODON IS COMPLETED BY THE ADDITION OF 3' A RESIDUES TO THE MRNA
NC_015106.1 TAA STOP CODON IS COMPLETED BY THE ADDITION OF 3' A RESIDUES TO THE MRNA
NC_016188.1 TAA STOP CODON IS COMPLETED BY THE ADDITION OF 3' A RESIDUES TO THE MRNA
0.1423 1449 34 0
NAD4L
NC_026044.1 TAA STOP CODON IS COMPLETED BY THE ADDITION OF 3' A RESIDUES TO THE MRNA
NC_016181.1 TAA STOP CODON IS COMPLETED BY THE ADDITION OF 3' A RESIDUES TO THE MRNA
NC_015091.1 TAA STOP CODON IS COMPLETED BY THE ADDITION OF 3' A RESIDUES TO THE MRNA
NC_015096.1 TAA STOP CODON IS COMPLETED BY THE ADDITION OF 3' A RESIDUES TO THE MRNA
NC_002176.1 TAA STOP CODON IS COMPLETED BY THE ADDITION OF 3' A RESIDUES TO THE MRNA
NC_012428.1 TAA STOP CODON IS COMPLETED BY THE ADDITION OF 3' A RESIDUES TO THE MRNA
NC_012435.1 TAA STOP CODON IS COMPLETED BY THE ADDITION OF 3' A RESIDUES TO THE MRNA
NC_001761.1 TAA STOP CODON IS COMPLETED BY THE ADDITION OF 3' A RESIDUES TO THE MRNA
NC_016193.1 TAA STOP CODON IS COMPLETED BY THE ADDITION OF 3' A RESIDUES TO THE MRNA
NC_034292.1 TAA STOP CODON IS COMPLETED BY THE ADDITION OF 3' A RESIDUES TO THE MRNA
NC_017872.1 TAA STOP CODON IS COMPLETED BY THE ADDITION OF 3' A RESIDUES TO THE MRNA
NC_032079.1 TAA STOP CODON IS COMPLETED BY THE ADDITION OF 3' A RESIDUES TO THE MRNA
NC_004321.1 TAA STOP CODON IS COMPLETED BY THE ADDITION OF 3' A RESIDUES TO THE MRNA
NC_012383.1 TAA STOP CODON IS COMPLETED BY THE ADDITION OF 3' A RESIDUES TO THE MRNA
NC_012376.1 TAA STOP CODON IS COMPLETED BY THE ADDITION OF 3' A RESIDUES TO THE MRNA
NC_036959.1 TAA STOP CODON IS COMPLETED BY THE ADDITION OF 3' A RESIDUES TO THE MRNA
NC_015088.1 TAA STOP CODON IS COMPLETED BY THE ADDITION OF 3' A RESIDUES TO THE MRNA
NC_016190.1 TAA STOP CODON IS COMPLETED BY THE ADDITION OF 3' A RESIDUES TO THE MRNA
NC_042905.1 TAA STOP CODON IS COMPLETED BY THE ADDITION OF 3' A RESIDUES TO THE MRNA
NC_016175.1 TAA STOP CODON IS COMPLETED BY THE ADDITION OF 3' A RESIDUES TO THE MRNA
0.0813 465 20 0
NAD5
NC_015106.1 TAA STOP CODON IS COMPLETED BY THE ADDITION OF 3' A RESIDUES TO THE MRNA
NC_010090.1 TAA STOP CODON IS COMPLETED BY THE ADDITION OF 3' A RESIDUES TO THE MRNA
NC_015111.1 TAA STOP CODON IS COMPLETED BY THE ADDITION OF 3' A RESIDUES TO THE MRNA
NC_039922.1 TAA STOP CODON IS COMPLETED BY THE ADDITION OF 3' A RESIDUES TO THE MRNA
NC_012428.1 TAA STOP CODON IS COMPLETED BY THE ADDITION OF 3' A RESIDUES TO THE MRNA
NC_033968.1 TAA STOP CODON IS COMPLETED BY THE ADDITION OF 3' A RESIDUES TO THE MRNA
NC_028004.1 TAA STOP CODON IS COMPLETED BY THE ADDITION OF 3' A RESIDUES TO THE MRNA
NC_013248.1 TAA STOP CODON IS COMPLETED BY THE ADDITION OF 3' A RESIDUES TO THE MRNA
NC_039165.1 TAA STOP CODON IS COMPLETED BY THE ADDITION OF 3' A RESIDUES TO THE MRNA
NC_014585.1 TAA STOP CODON IS COMPLETED BY THE ADDITION OF 3' A RESIDUES TO THE MRNA
NC_038182.1 TAA STOP CODON IS COMPLETED BY THE ADDITION OF 3' A RESIDUES TO THE MRNA
NC_015091.1 TAA STOP CODON IS COMPLETED BY THE ADDITION OF 3' A RESIDUES TO THE MRNA
NC_041142.1 TAA STOP CODON IS COMPLETED BY THE ADDITION OF 3' A RESIDUES TO THE MRNA
NC_037691.1 TAA STOP CODON IS COMPLETED BY THE ADDITION OF 3' A RESIDUES TO THE MRNA
NC_028002.1 TAA STOP CODON IS COMPLETED BY THE ADDITION OF 3' A RESIDUES TO THE MRNA
NC_013833.1 TAA STOP CODON IS COMPLETED BY THE ADDITION OF 3' A RESIDUES TO THE MRNA
NC_049893.1 TAA STOP CODON IS COMPLETED BY THE ADDITION OF 3' A RESIDUES TO THE MRNA
NC_028183.1 TAA STOP CODON IS COMPLETED BY THE ADDITION OF 3' A RESIDUES TO THE MRNA
NC_031893.1 TAA STOP CODON IS COMPLETED BY THE ADDITION OF 3' A RESIDUES TO THE MRNA
NC_046705.1 TAA STOP CODON IS COMPLETED BY THE ADDITION OF 3' A RESIDUES TO THE MRNA
NC_026043.1 TAA STOP CODON IS COMPLETED BY THE ADDITION OF 3' A RESIDUES TO THE MRNA
NC_024932.1 TAA STOP CODON IS COMPLETED BY THE ADDITION OF 3' A RESIDUES TO THE MRNA
0.0898 1753 22 0
NAD6
NC_014583.1 TAA STOP CODON IS COMPLETED BY THE ADDITION OF 3' A RESIDUES TO THE MRNA
NC_038186.1 TAA STOP CODON IS COMPLETED BY THE ADDITION OF 3' A RESIDUES TO THE MRNA
NC_047187.1 TAA STOP CODON IS COMPLETED BY THE ADDITION OF 3' A RESIDUES TO THE MRNA
NC_014588.1 TAA STOP CODON IS COMPLETED BY THE ADDITION OF 3' A RESIDUES TO THE MRNA
0.0163 552 4 0
